<?xml version="1.0" encoding="UTF-8"?>
<testng-results skipped="0" failed="0" total="1" passed="1">
  <reporter-output>
  </reporter-output>
  <suite name="Default suite" duration-ms="29133" started-at="2018-01-05T09:44:26Z" finished-at="2018-01-05T09:44:55Z">
    <groups>
    </groups>
    <test name="Default test" duration-ms="29133" started-at="2018-01-05T09:44:26Z" finished-at="2018-01-05T09:44:55Z">
      <class name="testcases.VerifyLoginPage">
        <test-method status="PASS" signature="setUp()[pri:0, instance:testcases.VerifyLoginPage@2a5ca609]" name="setUp" is-config="true" duration-ms="20735" started-at="2018-01-05T01:44:26Z" finished-at="2018-01-05T01:44:46Z">
          <reporter-output>
          </reporter-output>
        </test-method> <!-- setUp -->
        <test-method status="PASS" signature="testHomePage()[pri:0, instance:testcases.VerifyLoginPage@2a5ca609]" name="testHomePage" duration-ms="7572" started-at="2018-01-05T01:44:46Z" finished-at="2018-01-05T01:44:54Z">
          <reporter-output>
          </reporter-output>
        </test-method> <!-- testHomePage -->
        <test-method status="PASS" signature="tearDown()[pri:0, instance:testcases.VerifyLoginPage@2a5ca609]" name="tearDown" is-config="true" duration-ms="804" started-at="2018-01-05T01:44:54Z" finished-at="2018-01-05T01:44:55Z">
          <reporter-output>
          </reporter-output>
        </test-method> <!-- tearDown -->
      </class> <!-- testcases.VerifyLoginPage -->
    </test> <!-- Default test -->
  </suite> <!-- Default suite -->
</testng-results>
